CleaningHouse-master/app/build/intermediates/manifest_merge_blame_file/debug/manifest-merger-blame-debug-report.txt
1<?xml version="1.0" encoding="utf-8"?>
2<manifest xmlns:android="http://schemas.android.com/apk/res/android"
3    package="com.example.researchapp"
4    android:versionCode="1"
5    android:versionName="1.0" >
6
7    <uses-sdk
8        android:minSdkVersion="15"
8-->src/main/AndroidManifest.xml
9        android:targetSdkVersion="29" />
9-->src/main/AndroidManifest.xml
10
11    <supports-screens
11-->src/main/AndroidManifest.xml:5:5-9:40
12        android:largeScreens="true"
12-->src/main/AndroidManifest.xml:6:9-36
13        android:normalScreens="true"
13-->src/main/AndroidManifest.xml:7:9-37
14        android:smallScreens="true"
14-->src/main/AndroidManifest.xml:8:9-36
15        android:xlargeScreens="true" />
15-->src/main/AndroidManifest.xml:9:9-37
16
17    <application
17-->src/main/AndroidManifest.xml:11:5-49:19
18        android:allowBackup="true"
18-->src/main/AndroidManifest.xml:12:9-35
19        android:appComponentFactory="androidx.core.app.CoreComponentFactory"
19-->[androidx.core:core:1.0.1] AndroidManifest.xml:22:18-86
20        android:debuggable="true"
21        android:icon="@mipmap/ic_launcher"
21-->src/main/AndroidManifest.xml:13:9-43
22        android:label="@string/app_name"
22-->src/main/AndroidManifest.xml:14:9-41
23        android:roundIcon="@mipmap/ic_launcher_round"
23-->src/main/AndroidManifest.xml:15:9-54
24        android:supportsRtl="true"
24-->src/main/AndroidManifest.xml:16:9-35
25        android:testOnly="true"
26        android:theme="@style/AppTheme" >
26-->src/main/AndroidManifest.xml:17:9-40
27        <activity android:name="com.example.researchapp.PropertyListAdapter" />
27-->src/main/AndroidManifest.xml:18:9-66
27-->src/main/AndroidManifest.xml:18:19-54
28        <activity android:name="com.example.researchapp.CleanersHomeScreen" />
28-->src/main/AndroidManifest.xml:19:9-56
28-->src/main/AndroidManifest.xml:19:19-53
29        <activity android:name="com.example.researchapp.SignUpCleanersScreen" />
29-->src/main/AndroidManifest.xml:20:9-58
29-->src/main/AndroidManifest.xml:20:19-55
30        <activity android:name="com.example.researchapp.SignUpScreen" />
30-->src/main/AndroidManifest.xml:21:9-50
30-->src/main/AndroidManifest.xml:21:19-47
31        <activity
31-->src/main/AndroidManifest.xml:22:9-25:59
32            android:name="com.example.researchapp.MessageScreen"
32-->src/main/AndroidManifest.xml:23:13-42
33            android:label="@string/title_activity_message_screen"
33-->src/main/AndroidManifest.xml:24:13-66
34            android:theme="@style/AppTheme.NoActionBar" />
34-->src/main/AndroidManifest.xml:25:13-56
35        <activity
35-->src/main/AndroidManifest.xml:26:9-29:59
36            android:name="com.example.researchapp.BillingScreen"
36-->src/main/AndroidManifest.xml:27:13-42
37            android:label="@string/title_activity_billing_screen"
37-->src/main/AndroidManifest.xml:28:13-66
38            android:theme="@style/AppTheme.NoActionBar" />
38-->src/main/AndroidManifest.xml:29:13-56
39        <activity
39-->src/main/AndroidManifest.xml:30:9-33:59
40            android:name="com.example.researchapp.ScheduleScreen"
40-->src/main/AndroidManifest.xml:31:13-43
41            android:label="@string/title_activity_schedule_screen"
41-->src/main/AndroidManifest.xml:32:13-67
42            android:theme="@style/AppTheme.NoActionBar" />
42-->src/main/AndroidManifest.xml:33:13-56
43        <activity
43-->src/main/AndroidManifest.xml:34:9-37:59
44            android:name="com.example.researchapp.PropertiesScreen"
44-->src/main/AndroidManifest.xml:35:13-45
45            android:label="@string/title_activity_properties_screen"
45-->src/main/AndroidManifest.xml:36:13-69
46            android:theme="@style/AppTheme.NoActionBar" />
46-->src/main/AndroidManifest.xml:37:13-56
47        <activity android:name="com.example.researchapp.HomeScreenHost" />
47-->src/main/AndroidManifest.xml:38:9-52
47-->src/main/AndroidManifest.xml:38:19-49
48        <activity android:name="com.example.researchapp.ChooseRole" />
48-->src/main/AndroidManifest.xml:39:9-48
48-->src/main/AndroidManifest.xml:39:19-45
49        <activity android:name="com.example.researchapp.LoginScreen" />
49-->src/main/AndroidManifest.xml:40:9-49
49-->src/main/AndroidManifest.xml:40:19-46
50        <activity android:name="com.example.researchapp.Main2Activity" />
50-->src/main/AndroidManifest.xml:41:9-51
50-->src/main/AndroidManifest.xml:41:19-48
51        <activity android:name="com.example.researchapp.OpeningScreen" >
51-->src/main/AndroidManifest.xml:42:9-48:20
51-->src/main/AndroidManifest.xml:42:19-48
52            <intent-filter>
52-->src/main/AndroidManifest.xml:43:13-47:29
53                <action android:name="android.intent.action.MAIN" />
53-->src/main/AndroidManifest.xml:44:17-69
53-->src/main/AndroidManifest.xml:44:25-66
54
55                <category android:name="android.intent.category.LAUNCHER" />
55-->src/main/AndroidManifest.xml:46:17-77
55-->src/main/AndroidManifest.xml:46:27-74
56            </intent-filter>
57        </activity>
58        <activity
58-->[com.google.firebase:firebase-auth:16.0.5] AndroidManifest.xml:24:9-31:50
59            android:name="com.google.firebase.auth.internal.FederatedSignInActivity"
59-->[com.google.firebase:firebase-auth:16.0.5] AndroidManifest.xml:25:13-85
60            android:excludeFromRecents="true"
60-->[com.google.firebase:firebase-auth:16.0.5] AndroidManifest.xml:26:13-46
61            android:exported="true"
61-->[com.google.firebase:firebase-auth:16.0.5] AndroidManifest.xml:27:13-36
62            android:launchMode="singleTask"
62-->[com.google.firebase:firebase-auth:16.0.5] AndroidManifest.xml:28:13-44
63            android:permission="com.google.firebase.auth.api.gms.permission.LAUNCH_FEDERATED_SIGN_IN"
63-->[com.google.firebase:firebase-auth:16.0.5] AndroidManifest.xml:29:13-102
64            android:theme="@android:style/Theme.Translucent.NoTitleBar" />
64-->[com.google.firebase:firebase-auth:16.0.5] AndroidManifest.xml:30:13-72
65
66        <service
66-->[com.google.firebase:firebase-auth:16.0.5] AndroidManifest.xml:33:9-39:19
67            android:name="com.google.firebase.components.ComponentDiscoveryService"
67-->[com.google.firebase:firebase-auth:16.0.5] AndroidManifest.xml:34:13-84
68            android:exported="false" >
68-->[com.google.firebase:firebase-auth:16.0.5] AndroidManifest.xml:35:13-37
69            <meta-data
69-->[com.google.firebase:firebase-auth:16.0.5] AndroidManifest.xml:36:13-38:85
70                android:name="com.google.firebase.components:com.google.firebase.auth.FirebaseAuthRegistrar"
70-->[com.google.firebase:firebase-auth:16.0.5] AndroidManifest.xml:37:17-109
71                android:value="com.google.firebase.components.ComponentRegistrar" />
71-->[com.google.firebase:firebase-auth:16.0.5] AndroidManifest.xml:38:17-82
72        </service>
73
74        <activity
74-->[com.google.android.gms:play-services-base:16.0.1] AndroidManifest.xml:23:9-26:75
75            android:name="com.google.android.gms.common.api.GoogleApiActivity"
75-->[com.google.android.gms:play-services-base:16.0.1] AndroidManifest.xml:24:13-79
76            android:exported="false"
76-->[com.google.android.gms:play-services-base:16.0.1] AndroidManifest.xml:25:13-37
77            android:theme="@android:style/Theme.Translucent.NoTitleBar" />
77-->[com.google.android.gms:play-services-base:16.0.1] AndroidManifest.xml:26:13-72
78
79        <provider
79-->[com.google.firebase:firebase-common:16.0.3] AndroidManifest.xml:10:9-14:39
80            android:name="com.google.firebase.provider.FirebaseInitProvider"
80-->[com.google.firebase:firebase-common:16.0.3] AndroidManifest.xml:11:13-77
81            android:authorities="com.example.researchapp.firebaseinitprovider"
81-->[com.google.firebase:firebase-common:16.0.3] AndroidManifest.xml:12:13-72
82            android:exported="false"
82-->[com.google.firebase:firebase-common:16.0.3] AndroidManifest.xml:13:13-37
83            android:initOrder="100" />
83-->[com.google.firebase:firebase-common:16.0.3] AndroidManifest.xml:14:13-36
84
85        <meta-data
85-->[com.google.android.gms:play-services-basement:16.1.0] AndroidManifest.xml:23:9-25:69
86            android:name="com.google.android.gms.version"
86-->[com.google.android.gms:play-services-basement:16.1.0] AndroidManifest.xml:24:13-58
87            android:value="@integer/google_play_services_version" />
87-->[com.google.android.gms:play-services-basement:16.1.0] AndroidManifest.xml:25:13-66
88    </application>
89
90</manifest>